# JRE version: OpenJDK Runtime Environment (8.0_212-b03) (build 1.8.0_212-8u212-b03-0ubuntu1.18.04.1-b03)
# Java VM: OpenJDK 64-Bit Server VM (25.212-b03 mixed mode linux-amd64 compressed oops)
Heap:
 PSYoungGen      total 735232K, used 19392K [0x000000076d100000, 0x000000079f980000, 0x00000007c0000000)
  eden space 642560K, 0% used [0x000000076d100000,0x000000076d100000,0x0000000794480000)
  from space 92672K, 20% used [0x0000000794480000,0x0000000795770010,0x0000000799f00000)
  to   space 87552K, 0% used [0x000000079a300000,0x000000079a300000,0x000000079f880000)
 ParOldGen       total 349696K, used 203811K [0x00000006c7200000, 0x00000006dc780000, 0x000000076d100000)
  object space 349696K, 58% used [0x00000006c7200000,0x00000006d3908e00,0x00000006dc780000)
 Metaspace       used 63137K, capacity 65624K, committed 65664K, reserved 1107968K
  class space    used 7146K, capacity 7790K, committed 7808K, reserved 1048576K
GC Heap History (10 events):
Event: 62,262 GC heap after
Heap after GC invocations=15 (full 3):
 PSYoungGen      total 431104K, used 13278K [0x000000076d100000, 0x0000000789880000, 0x00000007c0000000)
  eden space 396800K, 0% used [0x000000076d100000,0x000000076d100000,0x0000000785480000)
  from space 34304K, 38% used [0x0000000787700000,0x00000007883f7ac8,0x0000000789880000)
  to   space 34816K, 0% used [0x0000000785480000,0x0000000785480000,0x0000000787680000)
 ParOldGen       total 349696K, used 72441K [0x00000006c7200000, 0x00000006dc780000, 0x000000076d100000)
  object space 349696K, 20% used [0x00000006c7200000,0x00000006cb8be798,0x00000006dc780000)
 Metaspace       used 61385K, capacity 63648K, committed 63744K, reserved 1105920K
  class space    used 7041K, capacity 7622K, committed 7680K, reserved 1048576K
}
Event: 65,029 GC heap before
{Heap before GC invocations=16 (full 3):
 PSYoungGen      total 431104K, used 410078K [0x000000076d100000, 0x0000000789880000, 0x00000007c0000000)
  eden space 396800K, 100% used [0x000000076d100000,0x0000000785480000,0x0000000785480000)
  from space 34304K, 38% used [0x0000000787700000,0x00000007883f7ac8,0x0000000789880000)
  to   space 34816K, 0% used [0x0000000785480000,0x0000000785480000,0x0000000787680000)
 ParOldGen       total 349696K, used 72441K [0x00000006c7200000, 0x00000006dc780000, 0x000000076d100000)
  object space 349696K, 20% used [0x00000006c7200000,0x00000006cb8be798,0x00000006dc780000)
 Metaspace       used 61514K, capacity 63950K, committed 64256K, reserved 1105920K
  class space    used 7044K, capacity 7624K, committed 7680K, reserved 1048576K
Event: 65,143 GC heap after
Heap after GC invocations=16 (full 3):
 PSYoungGen      total 431616K, used 34813K [0x000000076d100000, 0x0000000793280000, 0x00000007c0000000)
  eden space 396800K, 0% used [0x000000076d100000,0x000000076d100000,0x0000000785480000)
  from space 34816K, 99% used [0x0000000785480000,0x000000078767f750,0x0000000787680000)
  to   space 67584K, 0% used [0x000000078f080000,0x000000078f080000,0x0000000793280000)
 ParOldGen       total 349696K, used 146910K [0x00000006c7200000, 0x00000006dc780000, 0x000000076d100000)
  object space 349696K, 42% used [0x00000006c7200000,0x00000006d0177a10,0x00000006dc780000)
 Metaspace       used 61514K, capacity 63950K, committed 64256K, reserved 1105920K
  class space    used 7044K, capacity 7624K, committed 7680K, reserved 1048576K
}
Event: 66,804 GC heap before
{Heap before GC invocations=17 (full 3):
 PSYoungGen      total 431616K, used 431613K [0x000000076d100000, 0x0000000793280000, 0x00000007c0000000)
  eden space 396800K, 100% used [0x000000076d100000,0x0000000785480000,0x0000000785480000)
  from space 34816K, 99% used [0x0000000785480000,0x000000078767f750,0x0000000787680000)
  to   space 67584K, 0% used [0x000000078f080000,0x000000078f080000,0x0000000793280000)
 ParOldGen       total 349696K, used 146910K [0x00000006c7200000, 0x00000006dc780000, 0x000000076d100000)
  object space 349696K, 42% used [0x00000006c7200000,0x00000006d0177a10,0x00000006dc780000)
 Metaspace       used 61920K, capacity 64320K, committed 64640K, reserved 1105920K
  class space    used 7087K, capacity 7728K, committed 7808K, reserved 1048576K
Event: 66,946 GC heap after
Heap after GC invocations=17 (full 3):
 PSYoungGen      total 545280K, used 67569K [0x000000076d100000, 0x0000000796800000, 0x00000007c0000000)
  eden space 477696K, 0% used [0x000000076d100000,0x000000076d100000,0x000000078a380000)
  from space 67584K, 99% used [0x000000078f080000,0x000000079327c748,0x0000000793280000)
  to   space 78848K, 0% used [0x000000078a380000,0x000000078a380000,0x000000078f080000)
 ParOldGen       total 349696K, used 147257K [0x00000006c7200000, 0x00000006dc780000, 0x000000076d100000)
  object space 349696K, 42% used [0x00000006c7200000,0x00000006d01ce7f8,0x00000006dc780000)
 Metaspace       used 61920K, capacity 64320K, committed 64640K, reserved 1105920K
  class space    used 7087K, capacity 7728K, committed 7808K, reserved 1048576K
}
Event: 68,493 GC heap before
{Heap before GC invocations=18 (full 3):
 PSYoungGen      total 545280K, used 545265K [0x000000076d100000, 0x0000000796800000, 0x00000007c0000000)
  eden space 477696K, 100% used [0x000000076d100000,0x000000078a380000,0x000000078a380000)
  from space 67584K, 99% used [0x000000078f080000,0x000000079327c748,0x0000000793280000)
  to   space 78848K, 0% used [0x000000078a380000,0x000000078a380000,0x000000078f080000)
 ParOldGen       total 349696K, used 147257K [0x00000006c7200000, 0x00000006dc780000, 0x000000076d100000)
  object space 349696K, 42% used [0x00000006c7200000,0x00000006d01ce7f8,0x00000006dc780000)
 Metaspace       used 61946K, capacity 64320K, committed 64640K, reserved 1105920K
  class space    used 7087K, capacity 7728K, committed 7808K, reserved 1048576K
Event: 68,652 GC heap after
Heap after GC invocations=18 (full 3):
 PSYoungGen      total 556544K, used 67124K [0x000000076d100000, 0x000000079f880000, 0x00000007c0000000)
  eden space 477696K, 0% used [0x000000076d100000,0x000000076d100000,0x000000078a380000)
  from space 78848K, 85% used [0x000000078a380000,0x000000078e50d2b0,0x000000078f080000)
  to   space 87552K, 0% used [0x000000079a300000,0x000000079a300000,0x000000079f880000)
 ParOldGen       total 349696K, used 147257K [0x00000006c7200000, 0x00000006dc780000, 0x000000076d100000)
  object space 349696K, 42% used [0x00000006c7200000,0x00000006d01ce7f8,0x00000006dc780000)
 Metaspace       used 61946K, capacity 64320K, committed 64640K, reserved 1105920K
  class space    used 7087K, capacity 7728K, committed 7808K, reserved 1048576K
}
Event: 77,280 GC heap before
{Heap before GC invocations=19 (full 3):
 PSYoungGen      total 556544K, used 544820K [0x000000076d100000, 0x000000079f880000, 0x00000007c0000000)
  eden space 477696K, 100% used [0x000000076d100000,0x000000078a380000,0x000000078a380000)
  from space 78848K, 85% used [0x000000078a380000,0x000000078e50d2b0,0x000000078f080000)
  to   space 87552K, 0% used [0x000000079a300000,0x000000079a300000,0x000000079f880000)
 ParOldGen       total 349696K, used 147257K [0x00000006c7200000, 0x00000006dc780000, 0x000000076d100000)
  object space 349696K, 42% used [0x00000006c7200000,0x00000006d01ce7f8,0x00000006dc780000)
 Metaspace       used 62783K, capacity 65252K, committed 65408K, reserved 1107968K
  class space    used 7130K, capacity 7744K, committed 7808K, reserved 1048576K
Event: 77,508 GC heap after
Heap after GC invocations=19 (full 3):
 PSYoungGen      total 730112K, used 61985K [0x000000076d100000, 0x000000079f980000, 0x00000007c0000000)
  eden space 642560K, 0% used [0x000000076d100000,0x000000076d100000,0x0000000794480000)
  from space 87552K, 70% used [0x000000079a300000,0x000000079df886e8,0x000000079f880000)
  to   space 92672K, 0% used [0x0000000794480000,0x0000000794480000,0x0000000799f00000)
 ParOldGen       total 349696K, used 157611K [0x00000006c7200000, 0x00000006dc780000, 0x000000076d100000)
  object space 349696K, 45% used [0x00000006c7200000,0x00000006d0beada0,0x00000006dc780000)
 Metaspace       used 62783K, capacity 65252K, committed 65408K, reserved 1107968K
  class space    used 7130K, capacity 7744K, committed 7808K, reserved 1048576K
}
Event: 87,990 GC heap before
{Heap before GC invocations=20 (full 3):
 PSYoungGen      total 730112K, used 704545K [0x000000076d100000, 0x000000079f980000, 0x00000007c0000000)
  eden space 642560K, 100% used [0x000000076d100000,0x0000000794480000,0x0000000794480000)
  from space 87552K, 70% used [0x000000079a300000,0x000000079df886e8,0x000000079f880000)
  to   space 92672K, 0% used [0x0000000794480000,0x0000000794480000,0x0000000799f00000)
 ParOldGen       total 349696K, used 157611K [0x00000006c7200000, 0x00000006dc780000, 0x000000076d100000)
  object space 349696K, 45% used [0x00000006c7200000,0x00000006d0beada0,0x00000006dc780000)
 Metaspace       used 63137K, capacity 65624K, committed 65664K, reserved 1107968K
  class space    used 7146K, capacity 7790K, committed 7808K, reserved 1048576K

